[debug] [2025-12-22T17:59:47.901Z] ----------------------------------------------------------------------
[debug] [2025-12-22T17:59:47.905Z] Command:       C:\Program Files\nodejs\node.exe C:\Users\HP\AppData\Roaming\npm\node_modules\firebase-tools\lib\bin\firebase.js deploy
[debug] [2025-12-22T17:59:47.906Z] CLI Version:   15.1.0
[debug] [2025-12-22T17:59:47.906Z] Platform:      win32
[debug] [2025-12-22T17:59:47.906Z] Node Version:  v25.2.1
[debug] [2025-12-22T17:59:47.907Z] Time:          Mon Dec 22 2025 23:29:47 GMT+0530 (India Standard Time)
[debug] [2025-12-22T17:59:47.907Z] ----------------------------------------------------------------------
[debug] 
[debug] [2025-12-22T17:59:53.028Z] > command requires scopes: ["email","openid","https://www.googleapis.com/auth/cloudplatformprojects.readonly","https://www.googleapis.com/auth/firebase","https://www.googleapis.com/auth/cloud-platform"]
[debug] [2025-12-22T17:59:53.029Z] > authorizing via signed-in user (karanchidar449@gmail.com)
[debug] [2025-12-22T17:59:53.029Z] [iam] checking project kulfi-erp-system for permissions ["firebase.projects.get","firebasehosting.sites.update"]
[debug] [2025-12-22T17:59:53.031Z] Checked if tokens are valid: false, expires at: 1766344502160
[debug] [2025-12-22T17:59:53.032Z] Checked if tokens are valid: false, expires at: 1766344502160
[debug] [2025-12-22T17:59:53.032Z] > refreshing access token with scopes: []
[debug] [2025-12-22T17:59:53.049Z] >>> [apiv2][query] POST https://www.googleapis.com/oauth2/v3/token [none]
[debug] [2025-12-22T17:59:53.049Z] >>> [apiv2][body] POST https://www.googleapis.com/oauth2/v3/token [omitted]
[debug] [2025-12-22T17:59:54.147Z] <<< [apiv2][status] POST https://www.googleapis.com/oauth2/v3/token 200
[debug] [2025-12-22T17:59:54.148Z] <<< [apiv2][body] POST https://www.googleapis.com/oauth2/v3/token [omitted]
[debug] [2025-12-22T17:59:54.165Z] >>> [apiv2][query] POST https://cloudresourcemanager.googleapis.com/v1/projects/kulfi-erp-system:testIamPermissions [none]
[debug] [2025-12-22T17:59:54.165Z] >>> [apiv2][(partial)header] POST https://cloudresourcemanager.googleapis.com/v1/projects/kulfi-erp-system:testIamPermissions x-goog-quota-user=projects/kulfi-erp-system
[debug] [2025-12-22T17:59:54.166Z] >>> [apiv2][body] POST https://cloudresourcemanager.googleapis.com/v1/projects/kulfi-erp-system:testIamPermissions {"permissions":["firebase.projects.get","firebasehosting.sites.update"]}
[debug] [2025-12-22T17:59:56.680Z] <<< [apiv2][status] POST https://cloudresourcemanager.googleapis.com/v1/projects/kulfi-erp-system:testIamPermissions 200
[debug] [2025-12-22T17:59:56.681Z] <<< [apiv2][body] POST https://cloudresourcemanager.googleapis.com/v1/projects/kulfi-erp-system:testIamPermissions {"permissions":["firebase.projects.get","firebasehosting.sites.update"]}
[debug] [2025-12-22T17:59:56.682Z] Checked if tokens are valid: true, expires at: 1766429993148
[debug] [2025-12-22T17:59:56.683Z] Checked if tokens are valid: true, expires at: 1766429993148
[debug] [2025-12-22T17:59:56.684Z] >>> [apiv2][query] GET https://firebase.googleapis.com/v1beta1/projects/kulfi-erp-system [none]
[debug] [2025-12-22T17:59:57.909Z] <<< [apiv2][status] GET https://firebase.googleapis.com/v1beta1/projects/kulfi-erp-system 200
[debug] [2025-12-22T17:59:57.909Z] <<< [apiv2][body] GET https://firebase.googleapis.com/v1beta1/projects/kulfi-erp-system {"projectId":"kulfi-erp-system","projectNumber":"882412733326","displayName":"kulfi-erp-system","name":"projects/kulfi-erp-system","resources":{"hostingSite":"kulfi-erp-system"},"state":"ACTIVE","etag":"1_24010822-574e-45be-ac3c-ac7feb07e099"}
[info] 
[info] === Deploying to 'kulfi-erp-system'...
[info] 
[info] i  deploying hosting 
[debug] [2025-12-22T17:59:57.935Z] Checked if tokens are valid: true, expires at: 1766429993148
[debug] [2025-12-22T17:59:57.935Z] Checked if tokens are valid: true, expires at: 1766429993148
[debug] [2025-12-22T17:59:57.936Z] >>> [apiv2][query] POST https://firebasehosting.googleapis.com/v1beta1/projects/-/sites/kulfi-erp-system/versions [none]
[debug] [2025-12-22T17:59:57.936Z] >>> [apiv2][body] POST https://firebasehosting.googleapis.com/v1beta1/projects/-/sites/kulfi-erp-system/versions {"status":"CREATED","labels":{"deployment-tool":"cli-firebase"}}
